Build host: UNIX
========= 18:23:03 /home/travis/build/open-watcom/open-watcom-v2/bld ==========
**** Building the watcom bootstrap
====== 18:23:03 /home/travis/build/open-watcom/open-watcom-v2/bld/watcom ======
= 18:23:03 /home/travis/build/open-watcom/open-watcom-v2/bld/watcom/binbuild ==
cc clibext.obj
ar crs clibext.lib clibext.obj
mkdir dllobjs
cc dllobjs/clibext.obj
ar crs clibexts.lib dllobjs/clibext.obj
====== 18:23:03 /home/travis/build/open-watcom/open-watcom-v2/bld/watcom ======
====== 18:23:03 /home/travis/build/open-watcom/open-watcom-v2/bld/watcom ======
**** Building the wcpp bootstrap
======= 18:23:03 /home/travis/build/open-watcom/open-watcom-v2/bld/cpp ========
=== 18:23:03 /home/travis/build/open-watcom/open-watcom-v2/bld/cpp/binbuild ===
cc wcpp.obj
cc preproc.obj
cc ppexpr.obj
cc ppmacro.obj
cc ppmem.obj
cc ppenv.obj
cc pathlist.obj
link wcpp.exe
======= 18:23:04 /home/travis/build/open-watcom/open-watcom-v2/bld/cpp ========
Copying '/home/travis/build/open-watcom/open-watcom-v2/bld/cpp/binbuild/wcpp.exe' to '/home/travis/build/open-watcom/open-watcom-v2/build/bin/wcpp'...
======= 18:23:04 /home/travis/build/open-watcom/open-watcom-v2/bld/cpp ========
**** Building the femisc bootstrap
===== 18:23:04 /home/travis/build/open-watcom/open-watcom-v2/bld/fe_misc ======
= 18:23:04 /home/travis/build/open-watcom/open-watcom-v2/bld/fe_misc/binbuild =
cc optencod.obj
link optencod.exe
cc msgencod.obj
link msgencod.exe
cc findhash.obj
link findhash.exe
===== 18:23:06 /home/travis/build/open-watcom/open-watcom-v2/bld/fe_misc ======
Copying '/home/travis/build/open-watcom/open-watcom-v2/bld/fe_misc/binbuild/optencod.exe' to '/home/travis/build/open-watcom/open-watcom-v2/build/bin/optencod'...
Copying '/home/travis/build/open-watcom/open-watcom-v2/bld/fe_misc/binbuild/msgencod.exe' to '/home/travis/build/open-watcom/open-watcom-v2/build/bin/msgencod'...
Copying '/home/travis/build/open-watcom/open-watcom-v2/bld/fe_misc/binbuild/findhash.exe' to '/home/travis/build/open-watcom/open-watcom-v2/build/bin/findhash'...
===== 18:23:06 /home/travis/build/open-watcom/open-watcom-v2/bld/fe_misc ======
**** Building the orl bootstrap
======= 18:23:06 /home/travis/build/open-watcom/open-watcom-v2/bld/orl ========
=== 18:23:06 /home/travis/build/open-watcom/open-watcom-v2/bld/orl/binbuild ===
cc orlentry.obj
cc orlflhnd.obj
cc orlhash.obj
cc omfload.obj
cc omfmunge.obj
cc omfentr.obj
cc omfflhn.obj
cc omfdrctv.obj
cc elfentr.obj
cc elflwlv.obj
cc elfflhn.obj
cc elfload.obj
cc coffentr.obj
cc cofflwlv.obj
cc coffflhn.obj
cc coffload.obj
cc coffimpl.obj
ar crs orl.lib orlentry.obj orlflhnd.obj orlhash.obj omfload.obj omfmunge.obj omfentr.obj omfflhn.obj omfdrctv.obj elfentr.obj elflwlv.obj elfflhn.obj elfload.obj coffentr.obj cofflwlv.obj coffflhn.obj coffload.obj coffimpl.obj
======= 18:23:07 /home/travis/build/open-watcom/open-watcom-v2/bld/orl ========
**** Building the wlib bootstrap
====== 18:23:07 /home/travis/build/open-watcom/open-watcom-v2/bld/nwlib =======
== 18:23:07 /home/travis/build/open-watcom/open-watcom-v2/bld/nwlib/binbuild ==
wcpp -zk0 -D__UNIX__ -D__LINUX__ -D_M_X64 -I"/home/travis/build/open-watcom/open-watcom-v2/bld/watcom/h" -owlibmsg.gh ../wlib.msg
awk -f /home/travis/build/open-watcom/open-watcom-v2/build/msgtoh.awk -v OUTFILE=msg.gh wlibmsg.gh
wcpp -zk0 -D__UNIX__ -D__LINUX__ -D_M_X64 -I"/home/travis/build/open-watcom/open-watcom-v2/bld/watcom/h" -I.. -oincltext.gh ../h/incltext.h
cc wlib.obj
cc libio.obj
cc symtable.obj
cc omfproc.obj
cc writelib.obj
cc convert.obj
cc wlibutil.obj
cc libwalk.obj
cc symlist.obj
cc proclib.obj
cc cmdline.obj
cc error.obj
cc implib.obj
cc elfobjs.obj
cc orlrtns.obj
cc memfuncs.obj
cc demangle.obj
cc omfhash.obj
cc omfutil.obj
cc coffwrt.obj
cc inlib.obj
cc idemsgpr.obj
cc ideentry.obj
cc orlentry.obj
cc orlflhnd.obj
cc orlhash.obj
cc omfload.obj
cc omfmunge.obj
cc omfentr.obj
cc omfflhn.obj
cc omfdrctv.obj
cc elfentr.obj
cc elflwlv.obj
cc elfflhn.obj
cc elfload.obj
cc coffentr.obj
cc cofflwlv.obj
cc coffflhn.obj
cc coffload.obj
cc coffimpl.obj
cc maindrv.obj
cc idedrv.obj
cc idemsgfm.obj
clang -pipe  -O -g -o bwlib.exe  -Wl,-Map,bwlib.map wlib.obj libio.obj symtable.obj omfproc.obj writelib.obj convert.obj wlibutil.obj libwalk.obj symlist.obj proclib.obj cmdline.obj error.obj implib.obj elfobjs.obj orlrtns.obj memfuncs.obj demangle.obj omfhash.obj omfutil.obj coffwrt.obj inlib.obj idemsgpr.obj ideentry.obj orlentry.obj orlflhnd.obj orlhash.obj omfload.obj omfmunge.obj omfentr.obj omfflhn.obj omfdrctv.obj elfentr.obj elflwlv.obj elfflhn.obj elfload.obj coffentr.obj cofflwlv.obj coffflhn.obj coffload.obj coffimpl.obj maindrv.obj idedrv.obj idemsgfm.obj  /home/travis/build/open-watcom/open-watcom-v2/bld/watcom/binbuild/clibext.lib
====== 18:23:11 /home/travis/build/open-watcom/open-watcom-v2/bld/nwlib =======
Copying '/home/travis/build/open-watcom/open-watcom-v2/bld/nwlib/binbuild/bwlib.exe' to '/home/travis/build/open-watcom/open-watcom-v2/build/bin/bwlib'...
====== 18:23:11 /home/travis/build/open-watcom/open-watcom-v2/bld/nwlib =======
**** Building the yacc bootstrap
======= 18:23:11 /home/travis/build/open-watcom/open-watcom-v2/bld/yacc =======
== 18:23:11 /home/travis/build/open-watcom/open-watcom-v2/bld/yacc/binbuild ===
cc bitsets.obj
cc buildpro.obj
cc default.obj
cc defshift.obj
cc dont_opt.obj
cc elimunit.obj
cc fpopen.obj
cc genfast.obj
cc gensupp.obj
cc gentable.obj
cc getname.obj
cc lalr1.obj
cc lr0.obj
cc parse.obj
cc sentence.obj
cc used.obj
cc yacc.obj
link yacc.exe
======= 18:23:12 /home/travis/build/open-watcom/open-watcom-v2/bld/yacc =======
Copying '/home/travis/build/open-watcom/open-watcom-v2/bld/yacc/binbuild/yacc.exe' to '/home/travis/build/open-watcom/open-watcom-v2/build/bin/yacc'...
======= 18:23:12 /home/travis/build/open-watcom/open-watcom-v2/bld/yacc =======
**** Building the buildutl bootstrap
===== 18:23:12 /home/travis/build/open-watcom/open-watcom-v2/bld/builder ======
= 18:23:12 /home/travis/build/open-watcom/open-watcom-v2/bld/builder/binbuild =
cc sweep.obj
link sweep.exe
cc wsplice.obj
link wsplice.exe
cc comstrip.obj
link comstrip.exe
cc genverrc.obj
link genverrc.exe
cc crlf.obj
link crlf.exe
===== 18:23:13 /home/travis/build/open-watcom/open-watcom-v2/bld/builder ======
Copying '/home/travis/build/open-watcom/open-watcom-v2/bld/builder/binbuild/wsplice.exe' to '/home/travis/build/open-watcom/open-watcom-v2/build/bin/wsplice'...
Copying '/home/travis/build/open-watcom/open-watcom-v2/bld/builder/binbuild/sweep.exe' to '/home/travis/build/open-watcom/open-watcom-v2/build/bin/sweep'...
Copying '/home/travis/build/open-watcom/open-watcom-v2/bld/builder/binbuild/comstrip.exe' to '/home/travis/build/open-watcom/open-watcom-v2/build/bin/comstrip'...
Copying '/home/travis/build/open-watcom/open-watcom-v2/bld/builder/binbuild/genverrc.exe' to '/home/travis/build/open-watcom/open-watcom-v2/build/bin/genverrc'...
Copying '/home/travis/build/open-watcom/open-watcom-v2/bld/builder/binbuild/crlf.exe' to '/home/travis/build/open-watcom/open-watcom-v2/build/bin/crlf'...
===== 18:23:13 /home/travis/build/open-watcom/open-watcom-v2/bld/builder ======
**** Building the wres bootstrap
======= 18:23:13 /home/travis/build/open-watcom/open-watcom-v2/bld/wres =======
== 18:23:13 /home/travis/build/open-watcom/open-watcom-v2/bld/wres/binbuild ===
cc loadfind.obj
cc loadstr.obj
cc mrrdrh.obj
cc ralliae.obj
cc rclosef.obj
cc rduint16.obj
cc rduint32.obj
cc rduint8.obj
cc resseek.obj
cc ropenfro.obj
cc rrdstr.obj
cc rrnamoor.obj
cc varstr.obj
cc wraddres.obj
cc wrerror.obj
cc wrfindrs.obj
cc wrfirres.obj
cc wrfree.obj
cc wrfreedi.obj
cc wrgetli.obj
cc wridcmp.obj
cc wridexby.obj
cc wridfnoo.obj
cc wridfrnu.obj
cc wridfrst.obj
cc wridnacm.obj
cc wriidfn.obj
cc wrinitdi.obj
cc wriswrf.obj
cc wrreaddi.obj
cc wrrewrid.obj
cc wrrfrr.obj
cc wrrftr.obj
cc wrrhr.obj
cc loadres.obj
cc mropnewf.obj
cc rdlli.obj
cc resaccel.obj
cc resbitmp.obj
cc resdiag.obj
cc resfont.obj
cc resiccu.obj
cc resmenu.obj
cc resnamor.obj
cc resraw.obj
cc resstr.obj
cc restbar.obj
cc restell.obj
cc resver.obj
cc rillia.obj
cc rillib.obj
cc ropenfrw.obj
cc rrlli.obj
cc wrauto.obj
cc wrchkwrf.obj
cc wrdelrs.obj
cc wresrtns.obj
cc wrfilein.obj
cc wrgetri.obj
cc wrgetti.obj
cc wrhidcmp.obj
cc wrhidfno.obj
cc wrhidfre.obj
cc wrhidfrn.obj
cc wrhidfrs.obj
cc wridfree.obj
cc wridnfst.obj
cc wridtnoo.obj
cc wridtonu.obj
cc wridtost.obj
cc wrihidf.obj
cc wrisempt.obj
cc wrislr.obj
cc write.obj
cc wrmergdi.obj
cc wrnextrs.obj
cc wropnewf.obj
cc wrrfwrid.obj
cc wrrwrid.obj
cc wrwritdi.obj
ar crs wres.lib loadfind.obj loadstr.obj mrrdrh.obj ralliae.obj rclosef.obj rduint16.obj rduint32.obj rduint8.obj resseek.obj ropenfro.obj rrdstr.obj rrnamoor.obj varstr.obj wraddres.obj wrerror.obj wrfindrs.obj wrfirres.obj wrfree.obj wrfreedi.obj wrgetli.obj wridcmp.obj wridexby.obj wridfnoo.obj wridfrnu.obj wridfrst.obj wridnacm.obj wriidfn.obj wrinitdi.obj wriswrf.obj wrreaddi.obj wrrewrid.obj wrrfrr.obj wrrftr.obj wrrhr.obj loadres.obj mropnewf.obj rdlli.obj resaccel.obj resbitmp.obj resdiag.obj resfont.obj resiccu.obj resmenu.obj resnamor.obj resraw.obj resstr.obj restbar.obj restell.obj resver.obj rillia.obj rillib.obj ropenfrw.obj rrlli.obj wrauto.obj wrchkwrf.obj wrdelrs.obj wresrtns.obj wrfilein.obj wrgetri.obj wrgetti.obj wrhidcmp.obj wrhidfno.obj wrhidfre.obj wrhidfrn.obj wrhidfrs.obj wridfree.obj wridnfst.obj wridtnoo.obj wridtonu.obj wridtost.obj wrihidf.obj wrisempt.obj wrislr.obj write.obj wrmergdi.obj wrnextrs.obj wropnewf.obj wrrfwrid.obj wrrwrid.obj wrwritdi.obj
======= 18:23:15 /home/travis/build/open-watcom/open-watcom-v2/bld/wres =======
**** Building the wrc bootstrap
====== 18:23:15 /home/travis/build/open-watcom/open-watcom-v2/bld/rc/rc =======
== 18:23:15 /home/travis/build/open-watcom/open-watcom-v2/bld/rc/rc/binbuild ==
cat ../1250.uni >1250.uni
cat ../1251.uni >1251.uni
cat ../1252.uni >1252.uni
cat ../936.uni >936.uni
cat ../949.uni >949.uni
cat ../950.uni >950.uni
cat ../kanji.uni >kanji.uni
wcpp -zk0 -D__UNIX__ -D__LINUX__ -D_M_X64 -I"/home/travis/build/open-watcom/open-watcom-v2/bld/watcom/h" -D_STANDALONE_ -DYYDEBUG -DSCANDEBUG -omsg.gh ../h/rc.msg
awk -f /home/travis/build/open-watcom/open-watcom-v2/build/msgtoh.awk -v OUTFILE=rcmsg.gh msg.gh
wcpp -zk0 -D__UNIX__ -D__LINUX__ -D_M_X64 -I"/home/travis/build/open-watcom/open-watcom-v2/bld/watcom/h" -I.. -D_STANDALONE_ -DYYDEBUG -DSCANDEBUG -oincltext.gh ../h/incltext.h
yacc -b os2y -d -dd -db -de ../y/rcos2.y ../y/yydrivr2.c >/dev/null
yacc -b winy -d -dd -db -de ../y/rcwin.y ../y/yydrivrw.c >/dev/null
findhash -q -s 2 -m ../hash/rcos2.key
findhash -q -s w -m ../hash/rcwin.key
cc winytab.obj
cc os2ytab.obj
cc keywordw.obj
cc keyword2.obj
cc errors.obj
cc exeobj.obj
cc exeresw.obj
cc exeres2.obj
cc exerespe.obj
cc exereslx.obj
cc exelxobj.obj
cc exeseg.obj
cc exeutil.obj
cc global.obj
cc layer0.obj
cc param.obj
cc pass2.obj
cc rc.obj
cc rcio.obj
cc rcmem.obj
cc rcstr.obj
cc ppalloc.obj
cc pprcenv.obj
cc scanw.obj
cc scan2.obj
cc semacclw.obj
cc semantic.obj
cc semantcw.obj
cc semdiagw.obj
cc semmenuw.obj
cc semverw.obj
cc semtbarw.obj
cc semantc2.obj
cc semdiag2.obj
cc semmenu2.obj
cc semsngl2.obj
cc semstr2.obj
cc semaccl2.obj
cc semhelp2.obj
cc semraw.obj
cc semsnglw.obj
cc semstrw.obj
cc dbtable.obj
cc preproc.obj
cc ppexpr.obj
cc ppmacro.obj
cc tmpctl.obj
cc autodep.obj
cc rcldstr.obj
cc rcalloc1.obj
cc rcalloc0.obj
cc sharedio.obj
cc semresfl.obj
cc semutil.obj
cc leadbyte.obj
cc ideentry.obj
cc idemsgpr.obj
cc pathlist.obj
cc rcspawn.obj
cc maindrv.obj
cc idedrv.obj
cc idemsgfm.obj
clang -pipe  -O -g -o bwrc.exe  -Wl,-Map,bwrc.map winytab.obj os2ytab.obj keywordw.obj keyword2.obj errors.obj exeobj.obj exeresw.obj exeres2.obj exerespe.obj exereslx.obj exelxobj.obj exeseg.obj exeutil.obj global.obj layer0.obj param.obj pass2.obj rc.obj rcio.obj rcmem.obj rcstr.obj ppalloc.obj pprcenv.obj scanw.obj scan2.obj semacclw.obj semantic.obj semantcw.obj semdiagw.obj semmenuw.obj semverw.obj semtbarw.obj semantc2.obj semdiag2.obj semmenu2.obj semsngl2.obj semstr2.obj semaccl2.obj semhelp2.obj semraw.obj semsnglw.obj semstrw.obj dbtable.obj preproc.obj ppexpr.obj ppmacro.obj tmpctl.obj autodep.obj rcldstr.obj rcalloc1.obj rcalloc0.obj sharedio.obj semresfl.obj semutil.obj leadbyte.obj ideentry.obj idemsgpr.obj pathlist.obj rcspawn.obj maindrv.obj idedrv.obj idemsgfm.obj /home/travis/build/open-watcom/open-watcom-v2/bld/wres/binbuild/wres.lib /home/travis/build/open-watcom/open-watcom-v2/bld/watcom/binbuild/clibext.lib
====== 18:23:20 /home/travis/build/open-watcom/open-watcom-v2/bld/rc/rc =======
Copying '/home/travis/build/open-watcom/open-watcom-v2/bld/rc/rc/binbuild/bwrc.exe' to '/home/travis/build/open-watcom/open-watcom-v2/build/bin/bwrc'...
Copying '/home/travis/build/open-watcom/open-watcom-v2/bld/rc/rc/binbuild/kanji.uni' to '/home/travis/build/open-watcom/open-watcom-v2/build/bin/kanji.uni'...
====== 18:23:20 /home/travis/build/open-watcom/open-watcom-v2/bld/rc/rc =======
**** Building the wstrip bootstrap
====== 18:23:20 /home/travis/build/open-watcom/open-watcom-v2/bld/wstrip ======
= 18:23:20 /home/travis/build/open-watcom/open-watcom-v2/bld/wstrip/binbuild ==
wcpp -zk0 -D__UNIX__ -D__LINUX__ -D_M_X64 -I"/home/travis/build/open-watcom/open-watcom-v2/bld/watcom/h" -owstrip.gh ../wstrip.msg
awk -f /home/travis/build/open-watcom/open-watcom-v2/build/msgtoh.awk -v OUTFILE=msg.gh wstrip.gh
wcpp -zk0 -D__UNIX__ -D__LINUX__ -D_M_X64 -I"/home/travis/build/open-watcom/open-watcom-v2/bld/watcom/h" -I.. -oincltext.gh ../incltext.h
cc strip.obj
cc output.obj
clang -pipe  -O -g -o wstripx.exe  -Wl,-Map,wstripx.map strip.obj output.obj  /home/travis/build/open-watcom/open-watcom-v2/bld/watcom/binbuild/clibext.lib
====== 18:23:20 /home/travis/build/open-watcom/open-watcom-v2/bld/wstrip ======
Copying '/home/travis/build/open-watcom/open-watcom-v2/bld/wstrip/binbuild/wstripx.exe' to '/home/travis/build/open-watcom/open-watcom-v2/build/bin/bwstrip'...
====== 18:23:20 /home/travis/build/open-watcom/open-watcom-v2/bld/wstrip ======
**** Building the dwarfdw bootstrap
===== 18:23:20 /home/travis/build/open-watcom/open-watcom-v2/bld/dwarf/dw =====
= 18:23:20 /home/travis/build/open-watcom/open-watcom-v2/bld/dwarf/dw/binbuild ==
clang -pipe -fno-asm -fno-common -fsigned-char   -I"/home/travis/build/open-watcom/open-watcom-v2/bld/watcom/h" /home/travis/build/open-watcom/open-watcom-v2/bld/dwarf/dw/c/dwmakeab.c -I"../h" -D__UNIX__ -D__FLAT__ -D__LINUX__ -D_M_X64 -D__LINUX_X64__ -Wall -Wno-switch -Wno-missing-braces -Wno-parentheses -Wno-self-assign -Wno-implicit-exception-spec-mismatch -ferror-limit=200 -O -g -o ./dwmakeab.exe /home/travis/build/open-watcom/open-watcom-v2/bld/watcom/binbuild/clibext.lib  -Wl,-Map,dwmakeab.map
./dwmakeab.exe
./dwmakeab.exe
cc dwabbrev.obj
cc dwarange.obj
cc dwcarve.obj
cc dwdie.obj
cc dwdecl.obj
cc dwgen.obj
cc dwhandle.obj
cc dwinfo.obj
cc dwline.obj
cc dwlngen.obj
cc dwloc.obj
cc dwmac.obj
cc dwmem.obj
cc dwname.obj
cc dwrefer.obj
cc dwsym.obj
cc dwtype.obj
cc dwutils.obj
ar crs dwarfw.lib dwabbrev.obj dwarange.obj dwcarve.obj dwdie.obj dwdecl.obj dwgen.obj dwhandle.obj dwinfo.obj dwline.obj dwlngen.obj dwloc.obj dwmac.obj dwmem.obj dwname.obj dwrefer.obj dwsym.obj dwtype.obj dwutils.obj
===== 18:23:21 /home/travis/build/open-watcom/open-watcom-v2/bld/dwarf/dw =====
**** Building the wlink bootstrap
======== 18:23:21 /home/travis/build/open-watcom/open-watcom-v2/bld/wl ========
=== 18:23:21 /home/travis/build/open-watcom/open-watcom-v2/bld/wl/binbuild ====
wcpp -zk0 -D__UNIX__ -D__LINUX__ -D_M_X64 -I"/home/travis/build/open-watcom/open-watcom-v2/bld/watcom/h" -owrcmsg.gh /home/travis/build/open-watcom/open-watcom-v2/bld/rc/rc/h/rc.msg
awk -v rcbase=800 -f /home/travis/build/open-watcom/open-watcom-v2/build/msgtoh.awk -v OUTFILE=rcmsg.gh wrcmsg.gh
bwrc -q -xb -r -x -bt=windows -zk0 -D__UNIX__ -D__LINUX__ -D_M_X64 -I"/home/travis/build/open-watcom/open-watcom-v2/bld/watcom/h" -I"/home/travis/build/open-watcom/open-watcom-v2/bld/rc/rc/h" ../h/wlink.rc -fo=wlink.res
cc autogrp.obj
cc carve.obj
cc wcomdef.obj
cc cmd16m.obj
cc cmdall.obj
cc cmddos.obj
cc cmdelf.obj
cc cmdline.obj
cc cmdnov.obj
cc cmdos2.obj
cc cmdphar.obj
cc cmdzdos.obj
cc cmdrdv.obj
cc cmdraw.obj
cc cmdtable.obj
cc cmdutils.obj
cc cmdqnx.obj
cc dbgall.obj
cc dbgcv.obj
cc dbgdwarf.obj
cc dbginfo.obj
cc debug.obj
cc distrib.obj
cc global.obj
cc hash.obj
cc ideentry.obj
cc idemsgpr.obj
cc impexp.obj
cc libr.obj
cc libsupp.obj
cc linkutil.obj
cc load16m.obj
cc loaddos.obj
cc loadelf.obj
cc loadelf2.obj
cc loadfile.obj
cc loadflat.obj
cc loadnov.obj
cc loados2.obj
cc loadpe.obj
cc loadphar.obj
cc loadqnx.obj
cc loadraw.obj
cc loadzdos.obj
cc loadrdv.obj
cc lsymtab.obj
cc mapio.obj
cc mem.obj
cc mixcache.obj
cc msg.obj
cc objio.obj
cc obj2supp.obj
cc objcalc.obj
cc objfree.obj
cc objnode.obj
cc objomf.obj
cc objorl.obj
cc objpass1.obj
cc objpass2.obj
cc objstrip.obj
cc omfhash.obj
cc omfreloc.obj
cc overlays.obj
cc ovlsupp.obj
cc permdata.obj
cc procfile.obj
cc reloc.obj
cc ring.obj
cc ring2.obj
cc salloc.obj
cc spillio.obj
cc strtab.obj
cc symmem.obj
cc symtrace.obj
cc toc.obj
cc wlink.obj
cc wlnkmsg.obj
cc demangle.obj
cc pathlist.obj
cc exerespe.obj
cc sharedio.obj
cc rcstr.obj
cc virtpage.obj
cc posixio.obj
cc stidedrv.obj
cc idemsgfm.obj
cc maindrv.obj
clang -pipe  -O -g -o bwlink.exe  -Wl,-Map,bwlink.map autogrp.obj carve.obj wcomdef.obj cmd16m.obj cmdall.obj cmddos.obj cmdelf.obj cmdline.obj cmdnov.obj cmdos2.obj cmdphar.obj cmdzdos.obj cmdrdv.obj cmdraw.obj cmdtable.obj cmdutils.obj cmdqnx.obj dbgall.obj dbgcv.obj dbgdwarf.obj dbginfo.obj debug.obj distrib.obj global.obj hash.obj ideentry.obj idemsgpr.obj impexp.obj libr.obj libsupp.obj linkutil.obj load16m.obj loaddos.obj loadelf.obj loadelf2.obj loadfile.obj loadflat.obj loadnov.obj loados2.obj loadpe.obj loadphar.obj loadqnx.obj loadraw.obj loadzdos.obj loadrdv.obj lsymtab.obj mapio.obj mem.obj mixcache.obj msg.obj objio.obj obj2supp.obj objcalc.obj objfree.obj objnode.obj objomf.obj objorl.obj objpass1.obj objpass2.obj objstrip.obj omfhash.obj omfreloc.obj overlays.obj ovlsupp.obj permdata.obj procfile.obj reloc.obj ring.obj ring2.obj salloc.obj spillio.obj strtab.obj symmem.obj symtrace.obj toc.obj wlink.obj wlnkmsg.obj demangle.obj pathlist.obj exerespe.obj sharedio.obj rcstr.obj virtpage.obj posixio.obj stidedrv.obj idemsgfm.obj maindrv.obj /home/travis/build/open-watcom/open-watcom-v2/bld/wres/binbuild/wres.lib /home/travis/build/open-watcom/open-watcom-v2/bld/dwarf/dw/binbuild/dwarfw.lib /home/travis/build/open-watcom/open-watcom-v2/bld/orl/binbuild/orl.lib /home/travis/build/open-watcom/open-watcom-v2/bld/watcom/binbuild/clibext.lib
bwstrip -q -a -r bwlink.exe . wlink.res
======== 18:23:29 /home/travis/build/open-watcom/open-watcom-v2/bld/wl ========
Copying '/home/travis/build/open-watcom/open-watcom-v2/bld/wl/binbuild/bwlink.exe' to '/home/travis/build/open-watcom/open-watcom-v2/build/bin/bwlink'...
======== 18:23:29 /home/travis/build/open-watcom/open-watcom-v2/bld/wl ========
**** Building the owl bootstrap
======= 18:23:29 /home/travis/build/open-watcom/open-watcom-v2/bld/owl ========
=== 18:23:29 /home/travis/build/open-watcom/open-watcom-v2/bld/owl/binbuild ===
cc owl.obj
cc owbuffer.obj
cc owcoff.obj
cc owdebug.obj
cc owelf.obj
cc owemit.obj
cc owfile.obj
cc owreloc.obj
cc owsect.obj
cc owstring.obj
cc owsymbol.obj
cc owsymdmp.obj
cc log.obj
ar crs owl.lib owl.obj owbuffer.obj owcoff.obj owdebug.obj owelf.obj owemit.obj owfile.obj owreloc.obj owsect.obj owstring.obj owsymbol.obj owsymdmp.obj log.obj
======= 18:23:30 /home/travis/build/open-watcom/open-watcom-v2/bld/owl ========
**** Building the re2c bootstrap
======= 18:23:30 /home/travis/build/open-watcom/open-watcom-v2/bld/re2c =======
== 18:23:30 /home/travis/build/open-watcom/open-watcom-v2/bld/re2c/binbuild ===
cc actions.obj
cc code.obj
cc dfa.obj
cc main.obj
cc parser.obj
cc scanner.obj
../c/scanner.c:124:1: warning: unused label 'yy1' [-Wunused-label]
yy1:    ++YYCURSOR;
^~~~~~~~
../c/scanner.c:130:1: warning: unused label 'yy2' [-Wunused-label]
yy2:    yyaccept = 0;
^~~~~~~~
../c/scanner.c:136:1: warning: unused label 'yy5' [-Wunused-label]
yy5:
^~~~
../c/scanner.c:152:1: warning: unused label 'yy10' [-Wunused-label]
yy10:   yych = *++YYCURSOR;
^~~~~~~~
../c/scanner.c:154:1: warning: unused label 'yy11' [-Wunused-label]
yy11:   yych = *++YYCURSOR;
^~~~~~~~
../c/scanner.c:156:1: warning: unused label 'yy12' [-Wunused-label]
yy12:   yych = *++YYCURSOR;
^~~~~~~~
../c/scanner.c:158:1: warning: unused label 'yy13' [-Wunused-label]
yy13:   yych = *++YYCURSOR;
^~~~~~~~
../c/scanner.c:159:1: warning: unused label 'yy14' [-Wunused-label]
yy14:
^~~~~
../c/scanner.c:482:1: warning: unused label 'yy86' [-Wunused-label]
yy86:
^~~~~
../c/scanner.c:359:1: warning: unused label 'yy57' [-Wunused-label]
yy57:   ++YYCURSOR;
^~~~~~~~
../c/scanner.c:333:1: warning: unused label 'yy49' [-Wunused-label]
yy49:   ++YYCURSOR;
^~~~~~~~
../c/scanner.c:231:1: warning: unused label 'yy18' [-Wunused-label]
yy18:
^~~~~
../c/scanner.c:339:1: warning: unused label 'yy51' [-Wunused-label]
yy51:
^~~~~
../c/scanner.c:269:1: warning: unused label 'yy34' [-Wunused-label]
yy34:
^~~~~
../c/scanner.c:478:1: warning: unused label 'yy84' [-Wunused-label]
yy84:
^~~~~
../c/scanner.c:319:1: warning: unused label 'yy46' [-Wunused-label]
yy46:
^~~~~
../c/scanner.c:380:1: warning: unused label 'yy58' [-Wunused-label]
yy58:   yych = *++YYCURSOR;
^~~~~~~~
../c/scanner.c:181:1: warning: unused label 'yy16' [-Wunused-label]
yy16:   ++YYCURSOR;
^~~~~~~~
../c/scanner.c:450:1: warning: unused label 'yy76' [-Wunused-label]
yy76:   ++YYCURSOR;
^~~~~~~~
../c/scanner.c:438:1: warning: unused label 'yy74' [-Wunused-label]
yy74:   ++YYCURSOR;
^~~~~~~~
../c/scanner.c:348:1: warning: unused label 'yy55' [-Wunused-label]
yy55:
^~~~~
../c/scanner.c:389:1: warning: unused label 'yy61' [-Wunused-label]
yy61:
^~~~~
../c/scanner.c:381:1: warning: unused label 'yy59' [-Wunused-label]
yy59:
^~~~~
../c/scanner.c:393:1: warning: unused label 'yy63' [-Wunused-label]
yy63:
^~~~~
../c/scanner.c:275:1: warning: unused label 'yy36' [-Wunused-label]
yy36:
^~~~~
../c/scanner.c:344:1: warning: unused label 'yy53' [-Wunused-label]
yy53:
^~~~~
../c/scanner.c:470:1: warning: unused label 'yy81' [-Wunused-label]
yy81:
^~~~~
27 warnings generated.
cc substr.obj
cl re2c.exe
======= 18:23:31 /home/travis/build/open-watcom/open-watcom-v2/bld/re2c =======
Copying '/home/travis/build/open-watcom/open-watcom-v2/bld/re2c/binbuild/re2c.exe' to '/home/travis/build/open-watcom/open-watcom-v2/build/bin/re2c'...
======= 18:23:31 /home/travis/build/open-watcom/open-watcom-v2/bld/re2c =======
**** Building the re2c bootstrap
======== 18:23:31 /home/travis/build/open-watcom/open-watcom-v2/bld/as ========
**** Building the wasaxp bootstrap
====== 18:23:31 /home/travis/build/open-watcom/open-watcom-v2/bld/as/axp ======
= 18:23:31 /home/travis/build/open-watcom/open-watcom-v2/bld/as/axp/binbuild ==
wcpp -zk0 -D__UNIX__ -D__LINUX__ -D_M_X64 -I"/home/travis/build/open-watcom/open-watcom-v2/bld/watcom/h" -DNDEBUG -D_ENABLE_AUTODEPEND -DBOOTSTRAP -D_M_X64 -D__LINUX_X64__ -D__UNIX__ -D__FLAT__ -D__LINUX__ -DAS_ALPHA    -oasi_msg.tmp /home/travis/build/open-watcom/open-watcom-v2/bld/as/h/as.msg
awk -v base=AS_MSG_BASE -f /home/travis/build/open-watcom/open-watcom-v2/build/makemsg.awk -v OUTFILE=asi_msg.gh asi_msg.tmp
cc asexpr.obj
cc asopernd.obj
cc asmem.obj
cc asutils.obj
cc asregs.obj
cc assymbol.obj
cc asdrectv.obj
cc asdirop.obj
cc asnumlab.obj
cc ashash.obj
cc asmsg.obj
cc alphafmt.obj
cc alphains.obj
wsplice -kAS_ALPHA /home/travis/build/open-watcom/open-watcom-v2/bld/as/y/as.y asi_in.tmp
sed -e "s/ytab.h/asiytab.h/g" asi_in.tmp > asi_in.y
yacc -b asiy -d -db -dd asi_in.y /home/travis/build/open-watcom/open-watcom-v2/bld/as/y/yydriver.c > /dev/null
cc asiytab.obj
asiytab.c:433:19: warning: unused label 'yyerrlab' [-Wunused-label]
                  yyerrlab:
                  ^~~~~~~~~
1 warning generated.
wsplice -kAS_ALPHA /home/travis/build/open-watcom/open-watcom-v2/bld/as/y/scan.re scani_in.tmp
sed -e "s/ytab.h/asiytab.h/g" scani_in.tmp > scani_in.re
re2c  scani_in.re > asilexyy.c
cc asilexyy.obj
scani_in.re:485:15: warning: unused variable 'yyaccept' [-Wunused-variable]
        unsigned int yyaccept;
                     ^
scani_in.re:368:1: warning: unused label 'yy38' [-Wunused-label]
yy38:
^~~~~
scani_in.re:339:1: warning: unused label 'yy20' [-Wunused-label]
yy20:
^~~~~
scani_in.re:351:1: warning: unused label 'yy24' [-Wunused-label]
yy24:
^~~~~
scani_in.re:347:1: warning: unused label 'yy103' [-Wunused-label]
yy103:
^~~~~~
scani_in.re:333:1: warning: unused label 'yy72' [-Wunused-label]
yy72:   switch(yych){
^~~~~~~~
scani_in.re:360:1: warning: unused label 'yy53' [-Wunused-label]
yy53:
^~~~~
scani_in.re:350:1: warning: unused label 'yy22' [-Wunused-label]
yy22:
^~~~~
scani_in.re:355:1: warning: unused label 'yy66' [-Wunused-label]
yy66:
^~~~~
scani_in.re:352:1: warning: unused label 'yy26' [-Wunused-label]
yy26:
^~~~~
scani_in.re:362:1: warning: unused label 'yy42' [-Wunused-label]
yy42:
^~~~~
scani_in.re:421:1: warning: unused label 'yy90' [-Wunused-label]
yy90:
^~~~~
scani_in.re:347:1: warning: unused label 'yy86' [-Wunused-label]
yy86:   switch(yych){
^~~~~~~~
scani_in.re:353:1: warning: unused label 'yy28' [-Wunused-label]
yy28:
^~~~~
scani_in.re:340:1: warning: unused label 'yy64' [-Wunused-label]
yy64:   switch(yych){
^~~~~~~~
scani_in.re:429:1: warning: unused label 'yy81' [-Wunused-label]
yy81:   switch(yych){
^~~~~~~~
scani_in.re:361:1: warning: unused label 'yy40' [-Wunused-label]
yy40:
^~~~~
scani_in.re:331:1: warning: unused label 'yy70' [-Wunused-label]
yy70:
^~~~~
scani_in.re:403:1: warning: unused label 'yy79' [-Wunused-label]
yy79:   switch(yych){
^~~~~~~~
scani_in.re:356:1: warning: unused label 'yy32' [-Wunused-label]
yy32:
^~~~~
scani_in.re:269:1: warning: unused label 'yy1' [-Wunused-label]
yy1:    ++YYCURSOR;
^~~~~~~~
scani_in.re:364:1: warning: unused label 'yy46' [-Wunused-label]
yy46:
^~~~~
scani_in.re:304:1: warning: unused label 'yy98' [-Wunused-label]
yy98:
^~~~~
scani_in.re:354:1: warning: unused label 'yy30' [-Wunused-label]
yy30:
^~~~~
scani_in.re:338:1: warning: unused label 'yy84' [-Wunused-label]
yy84:   switch(yych){
^~~~~~~~
scani_in.re:363:1: warning: unused label 'yy44' [-Wunused-label]
yy44:
^~~~~
scani_in.re:350:1: warning: unused label 'yy74' [-Wunused-label]
yy74:   switch(yych){
^~~~~~~~
scani_in.re:355:1: warning: unused label 'yy101' [-Wunused-label]
yy101:
^~~~~~
scani_in.re:350:1: warning: unused label 'yy105' [-Wunused-label]
yy105:  switch(yych){
^~~~~~~~
scani_in.re:407:1: warning: unused label 'yy191' [-Wunused-label]
yy191:  switch(yych){
^~~~~~~~
scani_in.re:401:1: warning: unused label 'yy59' [-Wunused-label]
yy59:
^~~~~
scani_in.re:368:1: warning: unused label 'yy51' [-Wunused-label]
yy51:
^~~~~
scani_in.re:346:1: warning: unused label 'yy61' [-Wunused-label]
yy61:   switch(yych){
^~~~~~~~
scani_in.re:427:1: warning: unused label 'yy95' [-Wunused-label]
yy95:   switch(yych){
^~~~~~~~
scani_in.re:365:1: warning: unused label 'yy48' [-Wunused-label]
yy48:
^~~~~
scani_in.re:487:1: warning: unused label 'yy185' [-Wunused-label]
yy185:  ++YYCURSOR;
^~~~~~~~
scani_in.re:413:1: warning: unused label 'yy188' [-Wunused-label]
yy188:  switch(yych){
^~~~~~~~
scani_in.re:357:1: warning: unused label 'yy34' [-Wunused-label]
yy34:
^~~~~
38 warnings generated.
cc asinline.obj
cc asiobj.obj
ar crs asinline.lib asexpr.obj asopernd.obj asmem.obj asutils.obj asregs.obj assymbol.obj asdrectv.obj asdirop.obj asnumlab.obj ashash.obj asmsg.obj alphafmt.obj alphains.obj asiytab.obj asilexyy.obj asinline.obj asiobj.obj
wcpp -zk0 -D__UNIX__ -D__LINUX__ -D_M_X64 -I"/home/travis/build/open-watcom/open-watcom-v2/bld/watcom/h" -DNDEBUG -D_ENABLE_AUTODEPEND -DBOOTSTRAP -D_M_X64 -D__LINUX_X64__ -D__UNIX__ -D__FLAT__ -D__LINUX__ -DAS_ALPHA    -D_STANDALONE_ -omsg.tmp /home/travis/build/open-watcom/open-watcom-v2/bld/as/h/as.msg
awk -v base=AS_MSG_BASE -f /home/travis/build/open-watcom/open-watcom-v2/build/makemsg.awk -v OUTFILE=msg.gh msg.tmp
mkdir stand
cc stand/asexpr.obj
cc stand/asopernd.obj
cc stand/asmem.obj
cc stand/asutils.obj
cc stand/asregs.obj
cc stand/assymbol.obj
cc stand/asdrectv.obj
cc stand/asdirop.obj
cc stand/asnumlab.obj
cc stand/ashash.obj
cc stand/asmsg.obj
cc stand/alphafmt.obj
cc stand/alphains.obj
wsplice -kAS_ALPHA -k_STANDALONE_ /home/travis/build/open-watcom/open-watcom-v2/bld/as/y/as.y as_in.tmp
sed -e "s/ytab.h/asytab.h/g" as_in.tmp > as_in.y
yacc -b asy -d -db -dd as_in.y /home/travis/build/open-watcom/open-watcom-v2/bld/as/y/yydriver.c > /dev/null
cc stand/asytab.obj
wsplice -kAS_ALPHA -k_STANDALONE_ /home/travis/build/open-watcom/open-watcom-v2/bld/as/y/scan.re scan_in.tmp
sed -e "s/ytab.h/asytab.h/g" scan_in.tmp > scan_in.re
re2c  scan_in.re > aslexyy.c
cc stand/aslexyy.obj
scan_in.re:407:15: warning: unused variable 'yyaccept' [-Wunused-variable]
        unsigned int yyaccept;
                     ^
scan_in.re:306:1: warning: unused label 'yy172' [-Wunused-label]
yy172:  switch(yych){
^~~~~~~~
scan_in.re:348:1: warning: unused label 'yy64' [-Wunused-label]
yy64:   switch(yych){
^~~~~~~~
scan_in.re:364:1: warning: unused label 'yy43' [-Wunused-label]
yy43:
^~~~~
scan_in.re:363:1: warning: unused label 'yy41' [-Wunused-label]
yy41:
^~~~~
scan_in.re:352:1: warning: unused label 'yy77' [-Wunused-label]
yy77:   switch(yych){
^~~~~~~~
scan_in.re:370:1: warning: unused label 'yy39' [-Wunused-label]
yy39:
^~~~~
scan_in.re:429:1: warning: unused label 'yy98' [-Wunused-label]
yy98:   switch(yych){
^~~~~~~~
scan_in.re:405:1: warning: unused label 'yy201' [-Wunused-label]
yy201:  switch(yych){
^~~~~~~~
scan_in.re:341:1: warning: unused label 'yy21' [-Wunused-label]
yy21:
^~~~~
scan_in.re:402:1: warning: unused label 'yy191' [-Wunused-label]
yy191:
^~~~~~
scan_in.re:368:1: warning: unused label 'yy51' [-Wunused-label]
yy51:
^~~~~
scan_in.re:409:1: warning: unused label 'yy203' [-Wunused-label]
yy203:  ++YYCURSOR;
^~~~~~~~
scan_in.re:403:1: warning: unused label 'yy62' [-Wunused-label]
yy62:
^~~~~
scan_in.re:383:1: warning: unused label 'yy183' [-Wunused-label]
yy183:  ++YYCURSOR;
^~~~~~~~
scan_in.re:367:1: warning: unused label 'yy49' [-Wunused-label]
yy49:
^~~~~
scan_in.re:335:1: warning: unused label 'yy75' [-Wunused-label]
yy75:   switch(yych){
^~~~~~~~
scan_in.re:400:1: warning: unused label 'yy193' [-Wunused-label]
yy193:  switch(yych){
^~~~~~~~
scan_in.re:366:1: warning: unused label 'yy47' [-Wunused-label]
yy47:
^~~~~
scan_in.re:269:1: warning: unused label 'yy1' [-Wunused-label]
yy1:    ++YYCURSOR;
^~~~~~~~
scan_in.re:349:1: warning: unused label 'yy89' [-Wunused-label]
yy89:   switch(yych){
^~~~~~~~
scan_in.re:365:1: warning: unused label 'yy45' [-Wunused-label]
yy45:
^~~~~
scan_in.re:287:1: warning: unused label 'yy178' [-Wunused-label]
yy178:  switch(yych){
^~~~~~~~
scan_in.re:355:1: warning: unused label 'yy29' [-Wunused-label]
yy29:
^~~~~
scan_in.re:409:1: warning: unused label 'yy195' [-Wunused-label]
yy195:  switch(yych){
^~~~~~~~
scan_in.re:354:1: warning: unused label 'yy27' [-Wunused-label]
yy27:
^~~~~
scan_in.re:423:1: warning: unused label 'yy93' [-Wunused-label]
yy93:
^~~~~
scan_in.re:353:1: warning: unused label 'yy25' [-Wunused-label]
yy25:
^~~~~
scan_in.re:416:1: warning: unused label 'yy206' [-Wunused-label]
yy206:  switch(yych){
^~~~~~~~
scan_in.re:362:1: warning: unused label 'yy56' [-Wunused-label]
yy56:
^~~~~
scan_in.re:396:1: warning: unused label 'yy185' [-Wunused-label]
yy185:  switch(yych){
^~~~~~~~
scan_in.re:352:1: warning: unused label 'yy23' [-Wunused-label]
yy23:
^~~~~
scan_in.re:340:1: warning: unused label 'yy87' [-Wunused-label]
yy87:   switch(yych){
^~~~~~~~
scan_in.re:372:1: warning: unused label 'yy54' [-Wunused-label]
yy54:
^~~~~
scan_in.re:349:1: warning: unused label 'yy106' [-Wunused-label]
yy106:
^~~~~~
scan_in.re:333:1: warning: unused label 'yy73' [-Wunused-label]
yy73:
^~~~~
scan_in.re:357:1: warning: unused label 'yy104' [-Wunused-label]
yy104:
^~~~~~
scan_in.re:352:1: warning: unused label 'yy108' [-Wunused-label]
yy108:  switch(yych){
^~~~~~~~
scan_in.re:342:1: warning: unused label 'yy67' [-Wunused-label]
yy67:   switch(yych){
^~~~~~~~
scan_in.re:405:1: warning: unused label 'yy82' [-Wunused-label]
yy82:   switch(yych){
^~~~~~~~
scan_in.re:358:1: warning: unused label 'yy33' [-Wunused-label]
yy33:
^~~~~
scan_in.re:359:1: warning: unused label 'yy35' [-Wunused-label]
yy35:
^~~~~
scan_in.re:306:1: warning: unused label 'yy101' [-Wunused-label]
yy101:
^~~~~~
scan_in.re:356:1: warning: unused label 'yy31' [-Wunused-label]
yy31:
^~~~~
scan_in.re:357:1: warning: unused label 'yy69' [-Wunused-label]
yy69:
^~~~~
scan_in.re:431:1: warning: unused label 'yy84' [-Wunused-label]
yy84:   switch(yych){
^~~~~~~~
scan_in.re:385:1: warning: unused label 'yy188' [-Wunused-label]
yy188:  switch(yych){
^~~~~~~~
scan_in.re:410:1: warning: unused label 'yy209' [-Wunused-label]
yy209:  switch(yych){
^~~~~~~~
scan_in.re:391:1: warning: unused label 'yy198' [-Wunused-label]
yy198:  switch(yych){
^~~~~~~~
49 warnings generated.
cc stand/main.obj
cc stand/obj.obj
cc stand/sections.obj
cc stand/options.obj
cc stand/preproc.obj
cc stand/ppexpr.obj
cc stand/ppmacro.obj
cc stand/ppmem.obj
cc stand/ppenv.obj
cc stand/pathlist.obj
cc stand/trmemcvr.obj
bwrc -q -xb -r -x -bt=windows -zk0 -D__UNIX__ -D__LINUX__ -D_M_X64 -I"/home/travis/build/open-watcom/open-watcom-v2/bld/watcom/h" -DNDEBUG -D_ENABLE_AUTODEPEND -DBOOTSTRAP -D_M_X64 -D__LINUX_X64__ -D__UNIX__ -D__FLAT__ -D__LINUX__ -DAS_ALPHA    -D_STANDALONE_ /home/travis/build/open-watcom/open-watcom-v2/bld/as/h/as.rc -fo=bwasaxp.res
clang -pipe  -O -g -o bwasaxp.exe  -Wl,-Map,bwasaxp.map stand/asexpr.obj stand/asopernd.obj stand/asmem.obj stand/asutils.obj stand/asregs.obj stand/assymbol.obj stand/asdrectv.obj stand/asdirop.obj stand/asnumlab.obj stand/ashash.obj stand/asmsg.obj stand/alphafmt.obj stand/alphains.obj stand/asytab.obj stand/aslexyy.obj stand/main.obj stand/obj.obj stand/sections.obj stand/options.obj stand/preproc.obj stand/ppexpr.obj stand/ppmacro.obj stand/ppmem.obj stand/ppenv.obj stand/pathlist.obj stand/trmemcvr.obj /home/travis/build/open-watcom/open-watcom-v2/bld/owl/binbuild/owl.lib /home/travis/build/open-watcom/open-watcom-v2/bld/wres/binbuild/wres.lib /home/travis/build/open-watcom/open-watcom-v2/bld/watcom/binbuild/clibext.lib
bwstrip -q -a -r bwasaxp.exe . bwasaxp.res
====== 18:23:34 /home/travis/build/open-watcom/open-watcom-v2/bld/as/axp ======
Copying '/home/travis/build/open-watcom/open-watcom-v2/bld/as/axp/binbuild/bwasaxp.exe' to '/home/travis/build/open-watcom/open-watcom-v2/build/bin/bwasaxp'...
====== 18:23:34 /home/travis/build/open-watcom/open-watcom-v2/bld/as/axp ======
**** Building the wasmps bootstrap
====== 18:23:34 /home/travis/build/open-watcom/open-watcom-v2/bld/as/mps ======
= 18:23:34 /home/travis/build/open-watcom/open-watcom-v2/bld/as/mps/binbuild ==
wcpp -zk0 -D__UNIX__ -D__LINUX__ -D_M_X64 -I"/home/travis/build/open-watcom/open-watcom-v2/bld/watcom/h" -DNDEBUG -D_ENABLE_AUTODEPEND -DBOOTSTRAP -D_M_X64 -D__LINUX_X64__ -D__UNIX__ -D__FLAT__ -D__LINUX__ -DAS_MIPS    -oasi_msg.tmp /home/travis/build/open-watcom/open-watcom-v2/bld/as/h/as.msg
awk -v base=AS_MSG_BASE -f /home/travis/build/open-watcom/open-watcom-v2/build/makemsg.awk -v OUTFILE=asi_msg.gh asi_msg.tmp
cc asexpr.obj
cc asopernd.obj
cc asmem.obj
cc asutils.obj
cc asregs.obj
cc assymbol.obj
cc asdrectv.obj
cc asdirop.obj
cc asnumlab.obj
cc ashash.obj
cc asmsg.obj
cc mipsfmt.obj
cc mipsins.obj
wsplice -kAS_MIPS /home/travis/build/open-watcom/open-watcom-v2/bld/as/y/as.y asi_in.tmp
sed -e "s/ytab.h/asiytab.h/g" asi_in.tmp > asi_in.y
yacc -b asiy -d -db -dd asi_in.y /home/travis/build/open-watcom/open-watcom-v2/bld/as/y/yydriver.c > /dev/null
cc asiytab.obj
asiytab.c:433:19: warning: unused label 'yyerrlab' [-Wunused-label]
                  yyerrlab:
                  ^~~~~~~~~
1 warning generated.
wsplice -kAS_MIPS /home/travis/build/open-watcom/open-watcom-v2/bld/as/y/scan.re scani_in.tmp
sed -e "s/ytab.h/asiytab.h/g" scani_in.tmp > scani_in.re
re2c  scani_in.re > asilexyy.c
cc asilexyy.obj
scani_in.re:473:15: warning: unused variable 'yyaccept' [-Wunused-variable]
        unsigned int yyaccept;
                     ^
scani_in.re:369:1: warning: unused label 'yy59' [-Wunused-label]
yy59:
^~~~~
scani_in.re:352:1: warning: unused label 'yy46' [-Wunused-label]
yy46:
^~~~~
scani_in.re:342:1: warning: unused label 'yy30' [-Wunused-label]
yy30:
^~~~~
scani_in.re:325:1: warning: unused label 'yy84' [-Wunused-label]
yy84:   switch(yych){
^~~~~~~~
scani_in.re:344:1: warning: unused label 'yy32' [-Wunused-label]
yy32:
^~~~~
scani_in.re:327:1: warning: unused label 'yy64' [-Wunused-label]
yy64:   switch(yych){
^~~~~~~~
scani_in.re:416:1: warning: unused label 'yy81' [-Wunused-label]
yy81:   switch(yych){
^~~~~~~~
scani_in.re:353:1: warning: unused label 'yy48' [-Wunused-label]
yy48:
^~~~~
scani_in.re:345:1: warning: unused label 'yy34' [-Wunused-label]
yy34:
^~~~~
scani_in.re:401:1: warning: unused label 'yy181' [-Wunused-label]
yy181:  switch(yych){
^~~~~~~~
scani_in.re:340:1: warning: unused label 'yy26' [-Wunused-label]
yy26:
^~~~~
scani_in.re:337:1: warning: unused label 'yy74' [-Wunused-label]
yy74:   switch(yych){
^~~~~~~~
scani_in.re:349:1: warning: unused label 'yy40' [-Wunused-label]
yy40:
^~~~~
scani_in.re:318:1: warning: unused label 'yy70' [-Wunused-label]
yy70:
^~~~~
scani_in.re:334:1: warning: unused label 'yy86' [-Wunused-label]
yy86:   switch(yych){
^~~~~~~~
scani_in.re:475:1: warning: unused label 'yy178' [-Wunused-label]
yy178:  ++YYCURSOR;
^~~~~~~~
scani_in.re:341:1: warning: unused label 'yy28' [-Wunused-label]
yy28:
^~~~~
scani_in.re:351:1: warning: unused label 'yy44' [-Wunused-label]
yy44:
^~~~~
scani_in.re:350:1: warning: unused label 'yy42' [-Wunused-label]
yy42:
^~~~~
scani_in.re:401:1: warning: unused label 'yy92' [-Wunused-label]
yy92:
^~~~~
scani_in.re:341:1: warning: unused label 'yy95' [-Wunused-label]
yy95:
^~~~~
scani_in.re:268:1: warning: unused label 'yy1' [-Wunused-label]
yy1:    ++YYCURSOR;
^~~~~~~~
scani_in.re:340:1: warning: unused label 'yy88' [-Wunused-label]
yy88:
^~~~~
scani_in.re:338:1: warning: unused label 'yy22' [-Wunused-label]
yy22:
^~~~~
scani_in.re:348:1: warning: unused label 'yy53' [-Wunused-label]
yy53:
^~~~~
scani_in.re:356:1: warning: unused label 'yy38' [-Wunused-label]
yy38:
^~~~~
scani_in.re:326:1: warning: unused label 'yy20' [-Wunused-label]
yy20:
^~~~~
scani_in.re:333:1: warning: unused label 'yy61' [-Wunused-label]
yy61:   switch(yych){
^~~~~~~~
scani_in.re:395:1: warning: unused label 'yy184' [-Wunused-label]
yy184:  switch(yych){
^~~~~~~~
scani_in.re:320:1: warning: unused label 'yy72' [-Wunused-label]
yy72:   switch(yych){
^~~~~~~~
scani_in.re:390:1: warning: unused label 'yy79' [-Wunused-label]
yy79:   switch(yych){
^~~~~~~~
scani_in.re:342:1: warning: unused label 'yy66' [-Wunused-label]
yy66:
^~~~~
scani_in.re:335:1: warning: unused label 'yy99' [-Wunused-label]
yy99:
^~~~~
scani_in.re:339:1: warning: unused label 'yy101' [-Wunused-label]
yy101:  switch(yych){
^~~~~~~~
scani_in.re:339:1: warning: unused label 'yy24' [-Wunused-label]
yy24:
^~~~~
scani_in.re:356:1: warning: unused label 'yy51' [-Wunused-label]
yy51:
^~~~~
scani_in.re:334:1: warning: unused label 'yy97' [-Wunused-label]
yy97:
^~~~~
38 warnings generated.
cc asinline.obj
cc asiobj.obj
ar crs asinline.lib asexpr.obj asopernd.obj asmem.obj asutils.obj asregs.obj assymbol.obj asdrectv.obj asdirop.obj asnumlab.obj ashash.obj asmsg.obj mipsfmt.obj mipsins.obj asiytab.obj asilexyy.obj asinline.obj asiobj.obj
wcpp -zk0 -D__UNIX__ -D__LINUX__ -D_M_X64 -I"/home/travis/build/open-watcom/open-watcom-v2/bld/watcom/h" -DNDEBUG -D_ENABLE_AUTODEPEND -DBOOTSTRAP -D_M_X64 -D__LINUX_X64__ -D__UNIX__ -D__FLAT__ -D__LINUX__ -DAS_MIPS    -D_STANDALONE_ -omsg.tmp /home/travis/build/open-watcom/open-watcom-v2/bld/as/h/as.msg
awk -v base=AS_MSG_BASE -f /home/travis/build/open-watcom/open-watcom-v2/build/makemsg.awk -v OUTFILE=msg.gh msg.tmp
mkdir stand
cc stand/asexpr.obj
cc stand/asopernd.obj
cc stand/asmem.obj
cc stand/asutils.obj
cc stand/asregs.obj
cc stand/assymbol.obj
cc stand/asdrectv.obj
cc stand/asdirop.obj
cc stand/asnumlab.obj
cc stand/ashash.obj
cc stand/asmsg.obj
cc stand/mipsfmt.obj
cc stand/mipsins.obj
wsplice -kAS_MIPS -k_STANDALONE_ /home/travis/build/open-watcom/open-watcom-v2/bld/as/y/as.y as_in.tmp
sed -e "s/ytab.h/asytab.h/g" as_in.tmp > as_in.y
yacc -b asy -d -db -dd as_in.y /home/travis/build/open-watcom/open-watcom-v2/bld/as/y/yydriver.c > /dev/null
cc stand/asytab.obj
wsplice -kAS_MIPS -k_STANDALONE_ /home/travis/build/open-watcom/open-watcom-v2/bld/as/y/scan.re scan_in.tmp
sed -e "s/ytab.h/asytab.h/g" scan_in.tmp > scan_in.re
re2c  scan_in.re > aslexyy.c
cc stand/aslexyy.obj
scan_in.re:395:15: warning: unused variable 'yyaccept' [-Wunused-variable]
        unsigned int yyaccept;
                     ^
scan_in.re:343:1: warning: unused label 'yy98' [-Wunused-label]
yy98:
^~~~~
scan_in.re:286:1: warning: unused label 'yy171' [-Wunused-label]
yy171:  switch(yych){
^~~~~~~~
scan_in.re:393:1: warning: unused label 'yy194' [-Wunused-label]
yy194:  switch(yych){
^~~~~~~~
scan_in.re:329:1: warning: unused label 'yy67' [-Wunused-label]
yy67:   switch(yych){
^~~~~~~~
scan_in.re:336:1: warning: unused label 'yy100' [-Wunused-label]
yy100:
^~~~~~
scan_in.re:339:1: warning: unused label 'yy77' [-Wunused-label]
yy77:   switch(yych){
^~~~~~~~
scan_in.re:341:1: warning: unused label 'yy104' [-Wunused-label]
yy104:  switch(yych){
^~~~~~~~
scan_in.re:384:1: warning: unused label 'yy178' [-Wunused-label]
yy178:  switch(yych){
^~~~~~~~
scan_in.re:351:1: warning: unused label 'yy41' [-Wunused-label]
yy41:
^~~~~
scan_in.re:337:1: warning: unused label 'yy102' [-Wunused-label]
yy102:
^~~~~~
scan_in.re:397:1: warning: unused label 'yy196' [-Wunused-label]
yy196:  ++YYCURSOR;
^~~~~~~~
scan_in.re:358:1: warning: unused label 'yy39' [-Wunused-label]
yy39:
^~~~~
scan_in.re:353:1: warning: unused label 'yy45' [-Wunused-label]
yy45:
^~~~~
scan_in.re:379:1: warning: unused label 'yy191' [-Wunused-label]
yy191:  switch(yych){
^~~~~~~~
scan_in.re:268:1: warning: unused label 'yy1' [-Wunused-label]
yy1:    ++YYCURSOR;
^~~~~~~~
scan_in.re:403:1: warning: unused label 'yy95' [-Wunused-label]
yy95:
^~~~~
scan_in.re:352:1: warning: unused label 'yy43' [-Wunused-label]
yy43:
^~~~~
scan_in.re:373:1: warning: unused label 'yy181' [-Wunused-label]
yy181:  switch(yych){
^~~~~~~~
scan_in.re:355:1: warning: unused label 'yy49' [-Wunused-label]
yy49:
^~~~~
scan_in.re:354:1: warning: unused label 'yy47' [-Wunused-label]
yy47:
^~~~~
scan_in.re:344:1: warning: unused label 'yy69' [-Wunused-label]
yy69:
^~~~~
scan_in.re:371:1: warning: unused label 'yy62' [-Wunused-label]
yy62:
^~~~~
scan_in.re:305:1: warning: unused label 'yy165' [-Wunused-label]
yy165:  switch(yych){
^~~~~~~~
scan_in.re:360:1: warning: unused label 'yy54' [-Wunused-label]
yy54:
^~~~~
scan_in.re:340:1: warning: unused label 'yy23' [-Wunused-label]
yy23:
^~~~~
scan_in.re:336:1: warning: unused label 'yy89' [-Wunused-label]
yy89:   switch(yych){
^~~~~~~~
scan_in.re:404:1: warning: unused label 'yy199' [-Wunused-label]
yy199:  switch(yych){
^~~~~~~~
scan_in.re:390:1: warning: unused label 'yy184' [-Wunused-label]
yy184:
^~~~~~
scan_in.re:356:1: warning: unused label 'yy51' [-Wunused-label]
yy51:
^~~~~
scan_in.re:328:1: warning: unused label 'yy21' [-Wunused-label]
yy21:
^~~~~
scan_in.re:320:1: warning: unused label 'yy73' [-Wunused-label]
yy73:
^~~~~
scan_in.re:342:1: warning: unused label 'yy27' [-Wunused-label]
yy27:
^~~~~
scan_in.re:327:1: warning: unused label 'yy87' [-Wunused-label]
yy87:   switch(yych){
^~~~~~~~
scan_in.re:341:1: warning: unused label 'yy25' [-Wunused-label]
yy25:
^~~~~
scan_in.re:335:1: warning: unused label 'yy64' [-Wunused-label]
yy64:   switch(yych){
^~~~~~~~
scan_in.re:397:1: warning: unused label 'yy188' [-Wunused-label]
yy188:  switch(yych){
^~~~~~~~
scan_in.re:344:1: warning: unused label 'yy31' [-Wunused-label]
yy31:
^~~~~
scan_in.re:418:1: warning: unused label 'yy84' [-Wunused-label]
yy84:   switch(yych){
^~~~~~~~
scan_in.re:350:1: warning: unused label 'yy56' [-Wunused-label]
yy56:
^~~~~
scan_in.re:343:1: warning: unused label 'yy29' [-Wunused-label]
yy29:
^~~~~
scan_in.re:398:1: warning: unused label 'yy202' [-Wunused-label]
yy202:  switch(yych){
^~~~~~~~
scan_in.re:347:1: warning: unused label 'yy35' [-Wunused-label]
yy35:
^~~~~
scan_in.re:322:1: warning: unused label 'yy75' [-Wunused-label]
yy75:   switch(yych){
^~~~~~~~
scan_in.re:392:1: warning: unused label 'yy82' [-Wunused-label]
yy82:   switch(yych){
^~~~~~~~
scan_in.re:388:1: warning: unused label 'yy186' [-Wunused-label]
yy186:  switch(yych){
^~~~~~~~
scan_in.re:346:1: warning: unused label 'yy33' [-Wunused-label]
yy33:
^~~~~
scan_in.re:371:1: warning: unused label 'yy176' [-Wunused-label]
yy176:  ++YYCURSOR;
^~~~~~~~
scan_in.re:342:1: warning: unused label 'yy91' [-Wunused-label]
yy91:
^~~~~
49 warnings generated.
cc stand/main.obj
cc stand/obj.obj
cc stand/sections.obj
cc stand/options.obj
cc stand/preproc.obj
cc stand/ppexpr.obj
cc stand/ppmacro.obj
cc stand/ppmem.obj
cc stand/ppenv.obj
cc stand/pathlist.obj
cc stand/trmemcvr.obj
bwrc -q -xb -r -x -bt=windows -zk0 -D__UNIX__ -D__LINUX__ -D_M_X64 -I"/home/travis/build/open-watcom/open-watcom-v2/bld/watcom/h" -DNDEBUG -D_ENABLE_AUTODEPEND -DBOOTSTRAP -D_M_X64 -D__LINUX_X64__ -D__UNIX__ -D__FLAT__ -D__LINUX__ -DAS_MIPS    -D_STANDALONE_ /home/travis/build/open-watcom/open-watcom-v2/bld/as/h/as.rc -fo=bwasmps.res
clang -pipe  -O -g -o bwasmps.exe  -Wl,-Map,bwasmps.map stand/asexpr.obj stand/asopernd.obj stand/asmem.obj stand/asutils.obj stand/asregs.obj stand/assymbol.obj stand/asdrectv.obj stand/asdirop.obj stand/asnumlab.obj stand/ashash.obj stand/asmsg.obj stand/mipsfmt.obj stand/mipsins.obj stand/asytab.obj stand/aslexyy.obj stand/main.obj stand/obj.obj stand/sections.obj stand/options.obj stand/preproc.obj stand/ppexpr.obj stand/ppmacro.obj stand/ppmem.obj stand/ppenv.obj stand/pathlist.obj stand/trmemcvr.obj /home/travis/build/open-watcom/open-watcom-v2/bld/owl/binbuild/owl.lib /home/travis/build/open-watcom/open-watcom-v2/bld/wres/binbuild/wres.lib /home/travis/build/open-watcom/open-watcom-v2/bld/watcom/binbuild/clibext.lib
bwstrip -q -a -r bwasmps.exe . bwasmps.res
====== 18:23:38 /home/travis/build/open-watcom/open-watcom-v2/bld/as/mps ======
Copying '/home/travis/build/open-watcom/open-watcom-v2/bld/as/mps/binbuild/bwasmps.exe' to '/home/travis/build/open-watcom/open-watcom-v2/build/bin/bwasmps'...
====== 18:23:38 /home/travis/build/open-watcom/open-watcom-v2/bld/as/mps ======
**** Building the wasppc bootstrap
====== 18:23:38 /home/travis/build/open-watcom/open-watcom-v2/bld/as/ppc ======
= 18:23:38 /home/travis/build/open-watcom/open-watcom-v2/bld/as/ppc/binbuild ==
wcpp -zk0 -D__UNIX__ -D__LINUX__ -D_M_X64 -I"/home/travis/build/open-watcom/open-watcom-v2/bld/watcom/h" -DNDEBUG -D_ENABLE_AUTODEPEND -DBOOTSTRAP -D_M_X64 -D__LINUX_X64__ -D__UNIX__ -D__FLAT__ -D__LINUX__ -DAS_PPC    -oasi_msg.tmp /home/travis/build/open-watcom/open-watcom-v2/bld/as/h/as.msg
awk -v base=AS_MSG_BASE -f /home/travis/build/open-watcom/open-watcom-v2/build/makemsg.awk -v OUTFILE=asi_msg.gh asi_msg.tmp
cc asexpr.obj
cc asopernd.obj
cc asmem.obj
cc asutils.obj
cc asregs.obj
cc assymbol.obj
cc asdrectv.obj
cc asdirop.obj
cc asnumlab.obj
cc ashash.obj
cc asmsg.obj
cc ppcfmt.obj
cc ppcins.obj
wsplice -kAS_PPC /home/travis/build/open-watcom/open-watcom-v2/bld/as/y/as.y asi_in.tmp
sed -e "s/ytab.h/asiytab.h/g" asi_in.tmp > asi_in.y
yacc -b asiy -d -db -dd asi_in.y /home/travis/build/open-watcom/open-watcom-v2/bld/as/y/yydriver.c > /dev/null
cc asiytab.obj
asiytab.c:440:19: warning: unused label 'yyerrlab' [-Wunused-label]
                  yyerrlab:
                  ^~~~~~~~~
1 warning generated.
wsplice -kAS_PPC /home/travis/build/open-watcom/open-watcom-v2/bld/as/y/scan.re scani_in.tmp
sed -e "s/ytab.h/asiytab.h/g" scani_in.tmp > scani_in.re
re2c  scani_in.re > asilexyy.c
cc asilexyy.obj
scani_in.re:479:15: warning: unused variable 'yyaccept' [-Wunused-variable]
        unsigned int yyaccept;
                     ^
scani_in.re:339:1: warning: unused label 'yy69' [-Wunused-label]
yy69:   switch(yych){
^~~~~~~~
scani_in.re:346:1: warning: unused label 'yy34' [-Wunused-label]
yy34:
^~~~~
scani_in.re:355:1: warning: unused label 'yy48' [-Wunused-label]
yy48:
^~~~~
scani_in.re:375:1: warning: unused label 'yy67' [-Wunused-label]
yy67:
^~~~~
scani_in.re:354:1: warning: unused label 'yy61' [-Wunused-label]
yy61:
^~~~~
scani_in.re:345:1: warning: unused label 'yy32' [-Wunused-label]
yy32:
^~~~~
scani_in.re:268:1: warning: unused label 'yy1' [-Wunused-label]
yy1:    ++YYCURSOR;
^~~~~~~~
scani_in.re:362:1: warning: unused label 'yy59' [-Wunused-label]
yy59:
^~~~~
scani_in.re:362:1: warning: unused label 'yy46' [-Wunused-label]
yy46:
^~~~~
scani_in.re:344:1: warning: unused label 'yy30' [-Wunused-label]
yy30:
^~~~~
scani_in.re:401:1: warning: unused label 'yy192' [-Wunused-label]
yy192:  switch(yych){
^~~~~~~~
scani_in.re:396:1: warning: unused label 'yy87' [-Wunused-label]
yy87:   switch(yych){
^~~~~~~~
scani_in.re:340:1: warning: unused label 'yy105' [-Wunused-label]
yy105:
^~~~~~
scani_in.re:359:1: warning: unused label 'yy56' [-Wunused-label]
yy56:
^~~~~
scani_in.re:341:1: warning: unused label 'yy107' [-Wunused-label]
yy107:
^~~~~~
scani_in.re:331:1: warning: unused label 'yy92' [-Wunused-label]
yy92:   switch(yych){
^~~~~~~~
scani_in.re:481:1: warning: unused label 'yy186' [-Wunused-label]
yy186:  ++YYCURSOR;
^~~~~~~~
scani_in.re:345:1: warning: unused label 'yy109' [-Wunused-label]
yy109:  switch(yych){
^~~~~~~~
scani_in.re:324:1: warning: unused label 'yy78' [-Wunused-label]
yy78:
^~~~~
scani_in.re:332:1: warning: unused label 'yy28' [-Wunused-label]
yy28:
^~~~~
scani_in.re:407:1: warning: unused label 'yy189' [-Wunused-label]
yy189:  switch(yych){
^~~~~~~~
scani_in.re:340:1: warning: unused label 'yy94' [-Wunused-label]
yy94:   switch(yych){
^~~~~~~~
scani_in.re:333:1: warning: unused label 'yy72' [-Wunused-label]
yy72:   switch(yych){
^~~~~~~~
scani_in.re:351:1: warning: unused label 'yy42' [-Wunused-label]
yy42:
^~~~~
scani_in.re:347:1: warning: unused label 'yy103' [-Wunused-label]
yy103:
^~~~~~
scani_in.re:358:1: warning: unused label 'yy54' [-Wunused-label]
yy54:
^~~~~
scani_in.re:343:1: warning: unused label 'yy82' [-Wunused-label]
yy82:   switch(yych){
^~~~~~~~
scani_in.re:348:1: warning: unused label 'yy38' [-Wunused-label]
yy38:
^~~~~
scani_in.re:350:1: warning: unused label 'yy40' [-Wunused-label]
yy40:
^~~~~
scani_in.re:407:1: warning: unused label 'yy100' [-Wunused-label]
yy100:
^~~~~~
scani_in.re:422:1: warning: unused label 'yy89' [-Wunused-label]
yy89:   switch(yych){
^~~~~~~~
scani_in.re:357:1: warning: unused label 'yy52' [-Wunused-label]
yy52:
^~~~~
scani_in.re:348:1: warning: unused label 'yy74' [-Wunused-label]
yy74:
^~~~~
scani_in.re:346:1: warning: unused label 'yy96' [-Wunused-label]
yy96:
^~~~~
scani_in.re:347:1: warning: unused label 'yy36' [-Wunused-label]
yy36:
^~~~~
scani_in.re:356:1: warning: unused label 'yy50' [-Wunused-label]
yy50:
^~~~~
scani_in.re:326:1: warning: unused label 'yy80' [-Wunused-label]
yy80:   switch(yych){
^~~~~~~~
38 warnings generated.
cc asinline.obj
cc asiobj.obj
ar crs asinline.lib asexpr.obj asopernd.obj asmem.obj asutils.obj asregs.obj assymbol.obj asdrectv.obj asdirop.obj asnumlab.obj ashash.obj asmsg.obj ppcfmt.obj ppcins.obj asiytab.obj asilexyy.obj asinline.obj asiobj.obj
wcpp -zk0 -D__UNIX__ -D__LINUX__ -D_M_X64 -I"/home/travis/build/open-watcom/open-watcom-v2/bld/watcom/h" -DNDEBUG -D_ENABLE_AUTODEPEND -DBOOTSTRAP -D_M_X64 -D__LINUX_X64__ -D__UNIX__ -D__FLAT__ -D__LINUX__ -DAS_PPC    -D_STANDALONE_ -omsg.tmp /home/travis/build/open-watcom/open-watcom-v2/bld/as/h/as.msg
awk -v base=AS_MSG_BASE -f /home/travis/build/open-watcom/open-watcom-v2/build/makemsg.awk -v OUTFILE=msg.gh msg.tmp
mkdir stand
cc stand/asexpr.obj
cc stand/asopernd.obj
cc stand/asmem.obj
cc stand/asutils.obj
cc stand/asregs.obj
cc stand/assymbol.obj
cc stand/asdrectv.obj
cc stand/asdirop.obj
cc stand/asnumlab.obj
cc stand/ashash.obj
cc stand/asmsg.obj
cc stand/ppcfmt.obj
cc stand/ppcins.obj
wsplice -kAS_PPC -k_STANDALONE_ /home/travis/build/open-watcom/open-watcom-v2/bld/as/y/as.y as_in.tmp
sed -e "s/ytab.h/asytab.h/g" as_in.tmp > as_in.y
yacc -b asy -d -db -dd as_in.y /home/travis/build/open-watcom/open-watcom-v2/bld/as/y/yydriver.c > /dev/null
cc stand/asytab.obj
wsplice -kAS_PPC -k_STANDALONE_ /home/travis/build/open-watcom/open-watcom-v2/bld/as/y/scan.re scan_in.tmp
sed -e "s/ytab.h/asytab.h/g" scan_in.tmp > scan_in.re
re2c  scan_in.re > aslexyy.c
cc stand/aslexyy.obj
scan_in.re:401:15: warning: unused variable 'yyaccept' [-Wunused-variable]
        unsigned int yyaccept;
                     ^
scan_in.re:349:1: warning: unused label 'yy37' [-Wunused-label]
yy37:
^~~~~
scan_in.re:350:1: warning: unused label 'yy77' [-Wunused-label]
yy77:
^~~~~
scan_in.re:348:1: warning: unused label 'yy35' [-Wunused-label]
yy35:
^~~~~
scan_in.re:333:1: warning: unused label 'yy95' [-Wunused-label]
yy95:   switch(yych){
^~~~~~~~
scan_in.re:403:1: warning: unused label 'yy196' [-Wunused-label]
yy196:  switch(yych){
^~~~~~~~
scan_in.re:377:1: warning: unused label 'yy184' [-Wunused-label]
yy184:  ++YYCURSOR;
^~~~~~~~
scan_in.re:347:1: warning: unused label 'yy33' [-Wunused-label]
yy33:
^~~~~
scan_in.re:346:1: warning: unused label 'yy31' [-Wunused-label]
yy31:
^~~~~
scan_in.re:326:1: warning: unused label 'yy81' [-Wunused-label]
yy81:
^~~~~
scan_in.re:410:1: warning: unused label 'yy207' [-Wunused-label]
yy207:  switch(yych){
^~~~~~~~
scan_in.re:334:1: warning: unused label 'yy29' [-Wunused-label]
yy29:
^~~~~
scan_in.re:268:1: warning: unused label 'yy1' [-Wunused-label]
yy1:    ++YYCURSOR;
^~~~~~~~
scan_in.re:424:1: warning: unused label 'yy92' [-Wunused-label]
yy92:   switch(yych){
^~~~~~~~
scan_in.re:404:1: warning: unused label 'yy210' [-Wunused-label]
yy210:  switch(yych){
^~~~~~~~
scan_in.re:328:1: warning: unused label 'yy83' [-Wunused-label]
yy83:   switch(yych){
^~~~~~~~
scan_in.re:353:1: warning: unused label 'yy43' [-Wunused-label]
yy43:
^~~~~
scan_in.re:385:1: warning: unused label 'yy199' [-Wunused-label]
yy199:  switch(yych){
^~~~~~~~
scan_in.re:352:1: warning: unused label 'yy41' [-Wunused-label]
yy41:
^~~~~
scan_in.re:345:1: warning: unused label 'yy85' [-Wunused-label]
yy85:   switch(yych){
^~~~~~~~
scan_in.re:398:1: warning: unused label 'yy90' [-Wunused-label]
yy90:   switch(yych){
^~~~~~~~
scan_in.re:350:1: warning: unused label 'yy39' [-Wunused-label]
yy39:
^~~~~
scan_in.re:335:1: warning: unused label 'yy75' [-Wunused-label]
yy75:   switch(yych){
^~~~~~~~
scan_in.re:347:1: warning: unused label 'yy112' [-Wunused-label]
yy112:  switch(yych){
^~~~~~~~
scan_in.re:358:1: warning: unused label 'yy51' [-Wunused-label]
yy51:
^~~~~
scan_in.re:343:1: warning: unused label 'yy110' [-Wunused-label]
yy110:
^~~~~~
scan_in.re:361:1: warning: unused label 'yy57' [-Wunused-label]
yy57:
^~~~~
scan_in.re:357:1: warning: unused label 'yy49' [-Wunused-label]
yy49:
^~~~~
scan_in.re:379:1: warning: unused label 'yy189' [-Wunused-label]
yy189:  switch(yych){
^~~~~~~~
scan_in.re:362:1: warning: unused label 'yy59' [-Wunused-label]
yy59:
^~~~~
scan_in.re:341:1: warning: unused label 'yy72' [-Wunused-label]
yy72:   switch(yych){
^~~~~~~~
scan_in.re:364:1: warning: unused label 'yy47' [-Wunused-label]
yy47:
^~~~~
scan_in.re:342:1: warning: unused label 'yy108' [-Wunused-label]
yy108:
^~~~~~
scan_in.re:399:1: warning: unused label 'yy202' [-Wunused-label]
yy202:  switch(yych){
^~~~~~~~
scan_in.re:396:1: warning: unused label 'yy192' [-Wunused-label]
yy192:
^~~~~~
scan_in.re:366:1: warning: unused label 'yy62' [-Wunused-label]
yy62:
^~~~~
scan_in.re:356:1: warning: unused label 'yy64' [-Wunused-label]
yy64:
^~~~~
scan_in.re:286:1: warning: unused label 'yy179' [-Wunused-label]
yy179:  switch(yych){
^~~~~~~~
scan_in.re:342:1: warning: unused label 'yy97' [-Wunused-label]
yy97:   switch(yych){
^~~~~~~~
scan_in.re:403:1: warning: unused label 'yy204' [-Wunused-label]
yy204:  ++YYCURSOR;
^~~~~~~~
scan_in.re:390:1: warning: unused label 'yy186' [-Wunused-label]
yy186:  switch(yych){
^~~~~~~~
scan_in.re:348:1: warning: unused label 'yy99' [-Wunused-label]
yy99:
^~~~~
scan_in.re:305:1: warning: unused label 'yy173' [-Wunused-label]
yy173:  switch(yych){
^~~~~~~~
scan_in.re:349:1: warning: unused label 'yy106' [-Wunused-label]
yy106:
^~~~~~
scan_in.re:377:1: warning: unused label 'yy70' [-Wunused-label]
yy70:
^~~~~
scan_in.re:394:1: warning: unused label 'yy194' [-Wunused-label]
yy194:  switch(yych){
^~~~~~~~
scan_in.re:359:1: warning: unused label 'yy53' [-Wunused-label]
yy53:
^~~~~
scan_in.re:409:1: warning: unused label 'yy103' [-Wunused-label]
yy103:
^~~~~~
scan_in.re:360:1: warning: unused label 'yy55' [-Wunused-label]
yy55:
^~~~~
49 warnings generated.
cc stand/main.obj
cc stand/obj.obj
cc stand/sections.obj
cc stand/options.obj
cc stand/preproc.obj
cc stand/ppexpr.obj
cc stand/ppmacro.obj
cc stand/ppmem.obj
cc stand/ppenv.obj
cc stand/pathlist.obj
cc stand/trmemcvr.obj
bwrc -q -xb -r -x -bt=windows -zk0 -D__UNIX__ -D__LINUX__ -D_M_X64 -I"/home/travis/build/open-watcom/open-watcom-v2/bld/watcom/h" -DNDEBUG -D_ENABLE_AUTODEPEND -DBOOTSTRAP -D_M_X64 -D__LINUX_X64__ -D__UNIX__ -D__FLAT__ -D__LINUX__ -DAS_PPC    -D_STANDALONE_ /home/travis/build/open-watcom/open-watcom-v2/bld/as/h/as.rc -fo=bwasppc.res
clang -pipe  -O -g -o bwasppc.exe  -Wl,-Map,bwasppc.map stand/asexpr.obj stand/asopernd.obj stand/asmem.obj stand/asutils.obj stand/asregs.obj stand/assymbol.obj stand/asdrectv.obj stand/asdirop.obj stand/asnumlab.obj stand/ashash.obj stand/asmsg.obj stand/ppcfmt.obj stand/ppcins.obj stand/asytab.obj stand/aslexyy.obj stand/main.obj stand/obj.obj stand/sections.obj stand/options.obj stand/preproc.obj stand/ppexpr.obj stand/ppmacro.obj stand/ppmem.obj stand/ppenv.obj stand/pathlist.obj stand/trmemcvr.obj /home/travis/build/open-watcom/open-watcom-v2/bld/owl/binbuild/owl.lib /home/travis/build/open-watcom/open-watcom-v2/bld/wres/binbuild/wres.lib /home/travis/build/open-watcom/open-watcom-v2/bld/watcom/binbuild/clibext.lib
bwstrip -q -a -r bwasppc.exe . bwasppc.res
====== 18:23:41 /home/travis/build/open-watcom/open-watcom-v2/bld/as/ppc ======
Copying '/home/travis/build/open-watcom/open-watcom-v2/bld/as/ppc/binbuild/bwasppc.exe' to '/home/travis/build/open-watcom/open-watcom-v2/build/bin/bwasppc'...
====== 18:23:41 /home/travis/build/open-watcom/open-watcom-v2/bld/as/ppc ======
======== 18:23:41 /home/travis/build/open-watcom/open-watcom-v2/bld/as ========
**** Building the wasm bootstrap
======= 18:23:41 /home/travis/build/open-watcom/open-watcom-v2/bld/wasm =======
== 18:23:41 /home/travis/build/open-watcom/open-watcom-v2/bld/wasm/binbuild ===
clang -pipe -fno-asm -fno-common -fsigned-char   -I"/home/travis/build/open-watcom/open-watcom-v2/bld/watcom/h" ../mkopcod1.c -D_STANDALONE_ -I. -I"../h" -D__UNIX__ -D__FLAT__ -D__LINUX__ -D_M_X64 -D__LINUX_X64__ -Wall -Wno-switch -Wno-missing-braces -Wno-parentheses -Wno-self-assign -Wno-implicit-exception-spec-mismatch -ferror-limit=200 -O -g -o ./mkopcod1.exe /home/travis/build/open-watcom/open-watcom-v2/bld/watcom/binbuild/clibext.lib  -Wl,-Map,mkopcod1.map
./mkopcod1.exe ../fullops.tok ../inlnops.tok asmops.gh
clang -pipe -fno-asm -fno-common -fsigned-char   -I"/home/travis/build/open-watcom/open-watcom-v2/bld/watcom/h" ../mkopcode.c -D_STANDALONE_ -I. -I"../h" -D__UNIX__ -D__FLAT__ -D__LINUX__ -D_M_X64 -D__LINUX_X64__ -Wall -Wno-switch -Wno-missing-braces -Wno-parentheses -Wno-self-assign -Wno-implicit-exception-spec-mismatch -ferror-limit=200 -O -g -o ./mkopcode.exe /home/travis/build/open-watcom/open-watcom-v2/bld/watcom/binbuild/clibext.lib  -Wl,-Map,mkopcode.map
./mkopcode.exe ../fullops.tok ../inlnops.tok asmopsd.gh
optencod -q  ../h/options.gml . . usage.tmp any
wsplice -t8  -f "pick((MSG_USAGE_BASE+%#%+), %s, \"\")" -o "pick((MSG_USAGE_BASE+%#%+), \".\", \"\")%n" usage.tmp usage.gh
awk -v base=MSG_WOMP_BASE -f /home/travis/build/open-watcom/open-watcom-v2/build/makemsg.awk -v OUTFILE=wmpmsg.gh ../h/womp.msg
awk -v base=MSG_WASM_BASE -f /home/travis/build/open-watcom/open-watcom-v2/build/makemsg.awk -v OUTFILE=wasmmsg.gh ../h/wasm.msg
awk -v base=MSG_SHARE_BASE -f /home/travis/build/open-watcom/open-watcom-v2/build/makemsg.awk -v OUTFILE=msg.gh ../h/asmshare.msg
cc main.obj
cc write.obj
cc fatal.obj
cc womputil.obj
cc direct.obj
../c/direct.c:393:30: warning: format string is not a string literal (potentially insecure) [-Wformat-security]
            sprintf( buffer, parm_reg[A_BYTE][parm] );
                             ^~~~~~~~~~~~~~~~~~~~~~
../c/direct.c:396:30: warning: format string is not a string literal (potentially insecure) [-Wformat-security]
            sprintf( buffer, parm_reg[A_WORD][parm] );
                             ^~~~~~~~~~~~~~~~~~~~~~
../c/direct.c:400:34: warning: format string is not a string literal (potentially insecure) [-Wformat-security]
                sprintf( buffer, parm_reg[A_DWORD][parm] );
                                 ^~~~~~~~~~~~~~~~~~~~~~~
3 warnings generated.
cc posndir.obj
cc asmeval.obj
cc asmalloc.obj
cc asmmsg.obj
cc wasmmsg.obj
cc macro.obj
cc condasm.obj
cc breakout.obj
cc asmstruc.obj
cc asmexpnd.obj
cc mangle.obj
cc for.obj
cc objio.obj
cc carve.obj
cc genmsomf.obj
cc objrec.obj
cc queue.obj
cc fixup.obj
cc lifix.obj
cc asmins.obj
cc asmscan.obj
cc asmline.obj
cc asmsym.obj
cc tbyte.obj
cc asmlabel.obj
cc asmfixup.obj
cc asmmatch.obj
cc asmdata.obj
cc asmjump.obj
cc autodept.obj
cc queues.obj
cc pathlist.obj
optencod -l 1 -q ../h/options.gml . . usagej.tmp any
wsplice -t8 -f "pick((MSG_USAGE_BASE+%#%+), \"\", %s)" -o "pick((MSG_USAGE_BASE+%#%+), \"\", \".\")%n" usagej.tmp usagej.gh
bwrc -q -xb -r -x -bt=windows -zk0 -D__UNIX__ -D__LINUX__ -D_M_X64 -I"/home/travis/build/open-watcom/open-watcom-v2/bld/watcom/h" -D_STANDALONE_ ../h/wasm.rc -fo=bwasm.res
clang -pipe  -O -g -o bwasm.exe  -Wl,-Map,bwasm.map main.obj write.obj fatal.obj womputil.obj direct.obj posndir.obj asmeval.obj asmalloc.obj asmmsg.obj wasmmsg.obj macro.obj condasm.obj breakout.obj asmstruc.obj asmexpnd.obj mangle.obj for.obj objio.obj carve.obj genmsomf.obj objrec.obj queue.obj fixup.obj lifix.obj asmins.obj asmscan.obj asmline.obj asmsym.obj tbyte.obj asmlabel.obj asmfixup.obj asmmatch.obj asmdata.obj asmjump.obj autodept.obj queues.obj pathlist.obj  /home/travis/build/open-watcom/open-watcom-v2/bld/wres/binbuild/wres.lib /home/travis/build/open-watcom/open-watcom-v2/bld/watcom/binbuild/clibext.lib
bwstrip -a -r -q bwasm.exe . bwasm.res
======= 18:23:46 /home/travis/build/open-watcom/open-watcom-v2/bld/wasm =======
Copying '/home/travis/build/open-watcom/open-watcom-v2/bld/wasm/binbuild/bwasm.exe' to '/home/travis/build/open-watcom/open-watcom-v2/build/bin/bwasm'...
======= 18:23:46 /home/travis/build/open-watcom/open-watcom-v2/bld/wasm =======
**** Building the wcl386 bootstrap
===== 18:23:46 /home/travis/build/open-watcom/open-watcom-v2/bld/wcl/386 ======
= 18:23:46 /home/travis/build/open-watcom/open-watcom-v2/bld/wcl/386/binbuild =
cc clcommon.obj
cc wcl.obj
clang -pipe  -O -g -o bwcl386.exe  -Wl,-Map,bwcl386.map clcommon.obj wcl.obj  /home/travis/build/open-watcom/open-watcom-v2/bld/watcom/binbuild/clibext.lib
===== 18:23:46 /home/travis/build/open-watcom/open-watcom-v2/bld/wcl/386 ======
Copying '/home/travis/build/open-watcom/open-watcom-v2/bld/wcl/386/binbuild/bwcl386.exe' to '/home/travis/build/open-watcom/open-watcom-v2/build/bin/bwcl386'...
===== 18:23:46 /home/travis/build/open-watcom/open-watcom-v2/bld/wcl/386 ======
**** Building the wcl bootstrap
===== 18:23:46 /home/travis/build/open-watcom/open-watcom-v2/bld/wcl/i86 ======
= 18:23:46 /home/travis/build/open-watcom/open-watcom-v2/bld/wcl/i86/binbuild =
cc clcommon.obj
cc wcl.obj
clang -pipe  -O -g -o bwcl.exe  -Wl,-Map,bwcl.map clcommon.obj wcl.obj  /home/travis/build/open-watcom/open-watcom-v2/bld/watcom/binbuild/clibext.lib
===== 18:23:46 /home/travis/build/open-watcom/open-watcom-v2/bld/wcl/i86 ======
Copying '/home/travis/build/open-watcom/open-watcom-v2/bld/wcl/i86/binbuild/bwcl.exe' to '/home/travis/build/open-watcom/open-watcom-v2/build/bin/bwcl'...
===== 18:23:46 /home/travis/build/open-watcom/open-watcom-v2/bld/wcl/i86 ======
**** Building the cfloat bootstrap
====== 18:23:46 /home/travis/build/open-watcom/open-watcom-v2/bld/cfloat ======
= 18:23:46 /home/travis/build/open-watcom/open-watcom-v2/bld/cfloat/binbuild ==
cc cfconv.obj
cc cfdiv.obj
cc cfinvers.obj
cc cfmath.obj
cc cfmem.obj
cc cfmul.obj
cc cftof.obj
cc cfutil.obj
cc u32moddi.obj
ar crs cf.lib cfconv.obj cfdiv.obj cfinvers.obj cfmath.obj cfmem.obj cfmul.obj cftof.obj cfutil.obj u32moddi.obj
====== 18:23:46 /home/travis/build/open-watcom/open-watcom-v2/bld/cfloat ======
**** Building the cg386 bootstrap
=== 18:23:46 /home/travis/build/open-watcom/open-watcom-v2/bld/cg/intel/386 ===
= 18:23:46 /home/travis/build/open-watcom/open-watcom-v2/bld/cg/intel/386/binbuild ==
clang -pipe -fno-asm -fno-common -fsigned-char   -I"/home/travis/build/open-watcom/open-watcom-v2/bld/watcom/h" /home/travis/build/open-watcom/open-watcom-v2/bld/watcom/c/bitset.c -D__UNIX__ -D__FLAT__ -D__LINUX__ -D_M_X64 -D__LINUX_X64__ -Wall -Wno-switch -Wno-missing-braces -Wno-parentheses -Wno-self-assign -Wno-implicit-exception-spec-mismatch -ferror-limit=200 -O -g -o ./bitset.exe /home/travis/build/open-watcom/open-watcom-v2/bld/watcom/binbuild/clibext.lib  -Wl,-Map,bitset.map
./bitset.exe 128 _GBit global_bit_set gbit.gh
./bitset.exe 32 _LBit local_bit_set lbit.gh
./bitset.exe 256 _DBit dom_bit_set dbit.gh
wcpp -I"/home/travis/build/open-watcom/open-watcom-v2/bld/cg/h" -ocgprotos.gh /home/travis/build/open-watcom/open-watcom-v2/bld/cg/h/cgapicvr.h
wcpp -I"/home/travis/build/open-watcom/open-watcom-v2/bld/cg/h" -ofeprotos.gh /home/travis/build/open-watcom/open-watcom-v2/bld/cg/h/cgfecvr.h
cc dmpinc.obj
cc 386conv.obj
cc 386ilen.obj
cc 386opseg.obj
cc 386optab.obj
cc 386ptype.obj
cc 386rgtbl.obj
cc 386rtrtn.obj
cc 386score.obj
cc 386sib.obj
cc 386splt2.obj
cc 386table.obj
cc 386tls.obj
cc 386type.obj
cc i86enc32.obj
cc rtcall.obj
cc sib.obj
cc i87wait.obj
cc 386funit.obj
cc 386setcc.obj
cc i86base.obj
cc i86call.obj
cc i86cvsup.obj
cc i86dfsup.obj
cc i86data.obj
cc i86dbsup.obj
cc i86enc.obj
cc i86enc2.obj
cc i86esc.obj
cc i86half.obj
cc i86index.obj
cc i86ldstr.obj
cc i86lesds.obj
cc i86mul.obj
cc i86obj.obj
cc i86opcod.obj
cc i86proc.obj
cc i86reg.obj
cc i86regsv.obj
cc i86segs.obj
cc i86sel.obj
cc i86split.obj
cc i86splt3.obj
cc i86stubs.obj
cc i86temps.obj
cc i86ver.obj
cc i87data.obj
cc i87exp.obj
cc i87opt.obj
cc i87reg.obj
cc i87sched.obj
cc i87table.obj
cc parmreg.obj
cc wvsyms.obj
cc wvtypes.obj
cc addrcnst.obj
cc addrfold.obj
cc bldcall.obj
cc bldins.obj
cc bldsel.obj
cc blktrim.obj
cc breakrtn.obj
cc cachecon.obj
cc cgaux.obj
cc condcode.obj
cc conflict.obj
cc cse.obj
cc cvsyms.obj
cc cvtypes.obj
cc data.obj
cc dataflo.obj
cc dbsyms.obj
cc dbsupp.obj
cc dbtypes.obj
cc dfsyms.obj
cc dftypes.obj
cc display.obj
cc dominate.obj
cc edge.obj
cc expand.obj
cc fixindex.obj
cc flograph.obj
cc flood.obj
cc flowsave.obj
cc foldins.obj
cc freelist.obj
cc generate.obj
cc inline.obj
cc insdead.obj
cc inssched.obj
cc insutil.obj
cc intrface.obj
cc liveinfo.obj
cc loadstor.obj
cc loopopts.obj
cc makeaddr.obj
cc makeblk.obj
cc makeins.obj
cc memtrack.obj
cc multiply.obj
cc namelist.obj
cc nullprop.obj
cc object.obj
cc objname.obj
cc optab.obj
cc optask.obj
cc optcom.obj
cc optdata.obj
cc optimize.obj
cc optins.obj
cc optlbl.obj
cc optmain.obj
cc optmkins.obj
cc optpull.obj
cc optpush.obj
cc optq.obj
cc optrel.obj
cc opttell.obj
cc optutil.obj
cc optvlbl.obj
cc overlap.obj
cc parm.obj
cc patch.obj
In file included from /home/travis/build/open-watcom/open-watcom-v2/bld/cg/c/patch.c:45:
/home/travis/build/open-watcom/open-watcom-v2/bld/cg/h/typemap.h:34:54: error: unknown type name 'call_attributes'
extern  type_class_def  ReturnClass( type_def *tipe, call_attributes attr );
                                                     ^
1 error generated.
Error(E42): Last command making (patch.obj) returned a bad status
Error(E02): Make execution terminated
<wmake -h -f ../binmake bootstrap=1> => non-zero return: 512
Build failed
